
2022/03/01 14:17:01 [32mC:/Users/faust/go/pkg/mod/gorm.io/driver/mysql@v1.2.3/migrator.go:234
[0m[33m[0.000ms] [34;1m[rows:-][0m SELECT DATABASE()

2022/03/01 14:17:01 [32mC:/Users/faust/go/pkg/mod/gorm.io/driver/mysql@v1.2.3/migrator.go:237
[0m[33m[1.045ms] [34;1m[rows:1][0m SELECT SCHEMA_NAME from Information_schema.SCHEMATA where SCHEMA_NAME LIKE 'tohopedia%' ORDER BY SCHEMA_NAME='tohopedia' DESC limit 1

2022/03/01 14:17:01 [32mD:/ASLAB/FA/TPA/3. Web/new/backend/migration/migration.go:12
[0m[33m[0.518ms] [34;1m[rows:-][0m SELECT count(*) FROM information_schema.tables WHERE table_schema = 'tohopedia' AND table_name = 'users' AND table_type = 'BASE TABLE'

2022/03/01 14:17:01 [32mC:/Users/faust/go/pkg/mod/gorm.io/driver/mysql@v1.2.3/migrator.go:234
[0m[33m[0.000ms] [34;1m[rows:-][0m SELECT DATABASE()

2022/03/01 14:17:01 [32mC:/Users/faust/go/pkg/mod/gorm.io/driver/mysql@v1.2.3/migrator.go:237
[0m[33m[1.231ms] [34;1m[rows:1][0m SELECT SCHEMA_NAME from Information_schema.SCHEMATA where SCHEMA_NAME LIKE 'tohopedia%' ORDER BY SCHEMA_NAME='tohopedia' DESC limit 1

2022/03/01 14:17:01 [32mC:/Users/faust/go/pkg/mod/gorm.io/driver/mysql@v1.2.3/migrator.go:205
[0m[33m[1.583ms] [34;1m[rows:-][0m SELECT column_name, is_nullable, data_type, character_maximum_length, numeric_precision, numeric_scale , datetime_precision FROM information_schema.columns WHERE table_schema = 'tohopedia' AND table_name = 'users' ORDER BY ORDINAL_POSITION

2022/03/01 14:17:01 [32mC:/Users/faust/go/pkg/mod/gorm.io/driver/mysql@v1.2.3/migrator.go:234
[0m[33m[0.000ms] [34;1m[rows:-][0m SELECT DATABASE()

2022/03/01 14:17:01 [32mC:/Users/faust/go/pkg/mod/gorm.io/driver/mysql@v1.2.3/migrator.go:237
[0m[33m[0.901ms] [34;1m[rows:1][0m SELECT SCHEMA_NAME from Information_schema.SCHEMATA where SCHEMA_NAME LIKE 'tohopedia%' ORDER BY SCHEMA_NAME='tohopedia' DESC limit 1

2022/03/01 14:17:01 [32mD:/ASLAB/FA/TPA/3. Web/new/backend/migration/migration.go:13
[0m[33m[0.000ms] [34;1m[rows:-][0m SELECT count(*) FROM information_schema.tables WHERE table_schema = 'tohopedia' AND table_name = 'users' AND table_type = 'BASE TABLE'

2022/03/01 14:17:01 [32mC:/Users/faust/go/pkg/mod/gorm.io/driver/mysql@v1.2.3/migrator.go:234
[0m[33m[0.000ms] [34;1m[rows:-][0m SELECT DATABASE()

2022/03/01 14:17:01 [32mC:/Users/faust/go/pkg/mod/gorm.io/driver/mysql@v1.2.3/migrator.go:237
[0m[33m[0.547ms] [34;1m[rows:1][0m SELECT SCHEMA_NAME from Information_schema.SCHEMATA where SCHEMA_NAME LIKE 'tohopedia%' ORDER BY SCHEMA_NAME='tohopedia' DESC limit 1

2022/03/01 14:17:01 [32mC:/Users/faust/go/pkg/mod/gorm.io/driver/mysql@v1.2.3/migrator.go:205
[0m[33m[1.565ms] [34;1m[rows:-][0m SELECT column_name, is_nullable, data_type, character_maximum_length, numeric_precision, numeric_scale , datetime_precision FROM information_schema.columns WHERE table_schema = 'tohopedia' AND table_name = 'users' ORDER BY ORDINAL_POSITION

2022/03/01 14:17:01 [32mC:/Users/faust/go/pkg/mod/gorm.io/driver/mysql@v1.2.3/migrator.go:234
[0m[33m[0.000ms] [34;1m[rows:-][0m SELECT DATABASE()

2022/03/01 14:17:01 [32mC:/Users/faust/go/pkg/mod/gorm.io/driver/mysql@v1.2.3/migrator.go:237
[0m[33m[1.192ms] [34;1m[rows:1][0m SELECT SCHEMA_NAME from Information_schema.SCHEMATA where SCHEMA_NAME LIKE 'tohopedia%' ORDER BY SCHEMA_NAME='tohopedia' DESC limit 1

2022/03/01 14:17:01 [32mD:/ASLAB/FA/TPA/3. Web/new/backend/migration/migration.go:13
[0m[33m[0.000ms] [34;1m[rows:-][0m SELECT count(*) FROM information_schema.tables WHERE table_schema = 'tohopedia' AND table_name = 'shops' AND table_type = 'BASE TABLE'

2022/03/01 14:17:01 [32mC:/Users/faust/go/pkg/mod/gorm.io/driver/mysql@v1.2.3/migrator.go:234
[0m[33m[0.000ms] [34;1m[rows:-][0m SELECT DATABASE()

2022/03/01 14:17:01 [32mC:/Users/faust/go/pkg/mod/gorm.io/driver/mysql@v1.2.3/migrator.go:237
[0m[33m[0.542ms] [34;1m[rows:1][0m SELECT SCHEMA_NAME from Information_schema.SCHEMATA where SCHEMA_NAME LIKE 'tohopedia%' ORDER BY SCHEMA_NAME='tohopedia' DESC limit 1

2022/03/01 14:17:01 [32mC:/Users/faust/go/pkg/mod/gorm.io/driver/mysql@v1.2.3/migrator.go:205
[0m[33m[1.536ms] [34;1m[rows:-][0m SELECT column_name, is_nullable, data_type, character_maximum_length, numeric_precision, numeric_scale , datetime_precision FROM information_schema.columns WHERE table_schema = 'tohopedia' AND table_name = 'shops' ORDER BY ORDINAL_POSITION

2022/03/01 14:17:01 [32mC:/Users/faust/go/pkg/mod/gorm.io/driver/mysql@v1.2.3/migrator.go:234
[0m[33m[0.000ms] [34;1m[rows:-][0m SELECT DATABASE()

2022/03/01 14:17:01 [32mC:/Users/faust/go/pkg/mod/gorm.io/driver/mysql@v1.2.3/migrator.go:237
[0m[33m[0.524ms] [34;1m[rows:1][0m SELECT SCHEMA_NAME from Information_schema.SCHEMATA where SCHEMA_NAME LIKE 'tohopedia%' ORDER BY SCHEMA_NAME='tohopedia' DESC limit 1

2022/03/01 14:17:01 [32mD:/ASLAB/FA/TPA/3. Web/new/backend/migration/migration.go:13
[0m[33m[1.659ms] [34;1m[rows:-][0m SELECT count(*) FROM INFORMATION_SCHEMA.table_constraints WHERE constraint_schema = 'tohopedia' AND table_name = 'shops' AND constraint_name = 'fk_shops_user'

2022/03/01 14:17:01 [32mC:/Users/faust/go/pkg/mod/gorm.io/driver/mysql@v1.2.3/migrator.go:234
[0m[33m[0.000ms] [34;1m[rows:-][0m SELECT DATABASE()

2022/03/01 14:17:01 [32mC:/Users/faust/go/pkg/mod/gorm.io/driver/mysql@v1.2.3/migrator.go:237
[0m[33m[0.000ms] [34;1m[rows:1][0m SELECT SCHEMA_NAME from Information_schema.SCHEMATA where SCHEMA_NAME LIKE 'tohopedia%' ORDER BY SCHEMA_NAME='tohopedia' DESC limit 1

2022/03/01 14:17:01 [32mD:/ASLAB/FA/TPA/3. Web/new/backend/migration/migration.go:14
[0m[33m[0.000ms] [34;1m[rows:-][0m SELECT count(*) FROM information_schema.tables WHERE table_schema = 'tohopedia' AND table_name = 'categories' AND table_type = 'BASE TABLE'

2022/03/01 14:17:01 [32mC:/Users/faust/go/pkg/mod/gorm.io/driver/mysql@v1.2.3/migrator.go:234
[0m[33m[0.000ms] [34;1m[rows:-][0m SELECT DATABASE()

2022/03/01 14:17:01 [32mC:/Users/faust/go/pkg/mod/gorm.io/driver/mysql@v1.2.3/migrator.go:237
[0m[33m[0.517ms] [34;1m[rows:1][0m SELECT SCHEMA_NAME from Information_schema.SCHEMATA where SCHEMA_NAME LIKE 'tohopedia%' ORDER BY SCHEMA_NAME='tohopedia' DESC limit 1

2022/03/01 14:17:01 [32mC:/Users/faust/go/pkg/mod/gorm.io/driver/mysql@v1.2.3/migrator.go:205
[0m[33m[1.562ms] [34;1m[rows:-][0m SELECT column_name, is_nullable, data_type, character_maximum_length, numeric_precision, numeric_scale , datetime_precision FROM information_schema.columns WHERE table_schema = 'tohopedia' AND table_name = 'categories' ORDER BY ORDINAL_POSITION

2022/03/01 14:17:01 [32mC:/Users/faust/go/pkg/mod/gorm.io/driver/mysql@v1.2.3/migrator.go:234
[0m[33m[0.000ms] [34;1m[rows:-][0m SELECT DATABASE()

2022/03/01 14:17:01 [32mC:/Users/faust/go/pkg/mod/gorm.io/driver/mysql@v1.2.3/migrator.go:237
[0m[33m[0.000ms] [34;1m[rows:1][0m SELECT SCHEMA_NAME from Information_schema.SCHEMATA where SCHEMA_NAME LIKE 'tohopedia%' ORDER BY SCHEMA_NAME='tohopedia' DESC limit 1

2022/03/01 14:17:01 [32mD:/ASLAB/FA/TPA/3. Web/new/backend/migration/migration.go:15
[0m[33m[1.268ms] [34;1m[rows:-][0m SELECT count(*) FROM information_schema.tables WHERE table_schema = 'tohopedia' AND table_name = 'users' AND table_type = 'BASE TABLE'

2022/03/01 14:17:01 [32mC:/Users/faust/go/pkg/mod/gorm.io/driver/mysql@v1.2.3/migrator.go:234
[0m[33m[0.000ms] [34;1m[rows:-][0m SELECT DATABASE()

2022/03/01 14:17:01 [32mC:/Users/faust/go/pkg/mod/gorm.io/driver/mysql@v1.2.3/migrator.go:237
[0m[33m[0.529ms] [34;1m[rows:1][0m SELECT SCHEMA_NAME from Information_schema.SCHEMATA where SCHEMA_NAME LIKE 'tohopedia%' ORDER BY SCHEMA_NAME='tohopedia' DESC limit 1

2022/03/01 14:17:01 [32mC:/Users/faust/go/pkg/mod/gorm.io/driver/mysql@v1.2.3/migrator.go:205
[0m[33m[2.286ms] [34;1m[rows:-][0m SELECT column_name, is_nullable, data_type, character_maximum_length, numeric_precision, numeric_scale , datetime_precision FROM information_schema.columns WHERE table_schema = 'tohopedia' AND table_name = 'users' ORDER BY ORDINAL_POSITION

2022/03/01 14:17:01 [32mC:/Users/faust/go/pkg/mod/gorm.io/driver/mysql@v1.2.3/migrator.go:234
[0m[33m[0.531ms] [34;1m[rows:-][0m SELECT DATABASE()

2022/03/01 14:17:01 [32mC:/Users/faust/go/pkg/mod/gorm.io/driver/mysql@v1.2.3/migrator.go:237
[0m[33m[0.525ms] [34;1m[rows:1][0m SELECT SCHEMA_NAME from Information_schema.SCHEMATA where SCHEMA_NAME LIKE 'tohopedia%' ORDER BY SCHEMA_NAME='tohopedia' DESC limit 1

2022/03/01 14:17:01 [32mD:/ASLAB/FA/TPA/3. Web/new/backend/migration/migration.go:15
[0m[33m[0.000ms] [34;1m[rows:-][0m SELECT count(*) FROM information_schema.tables WHERE table_schema = 'tohopedia' AND table_name = 'shops' AND table_type = 'BASE TABLE'

2022/03/01 14:17:01 [32mC:/Users/faust/go/pkg/mod/gorm.io/driver/mysql@v1.2.3/migrator.go:234
[0m[33m[0.000ms] [34;1m[rows:-][0m SELECT DATABASE()

2022/03/01 14:17:01 [32mC:/Users/faust/go/pkg/mod/gorm.io/driver/mysql@v1.2.3/migrator.go:237
[0m[33m[1.333ms] [34;1m[rows:1][0m SELECT SCHEMA_NAME from Information_schema.SCHEMATA where SCHEMA_NAME LIKE 'tohopedia%' ORDER BY SCHEMA_NAME='tohopedia' DESC limit 1

2022/03/01 14:17:01 [32mC:/Users/faust/go/pkg/mod/gorm.io/driver/mysql@v1.2.3/migrator.go:205
[0m[33m[2.948ms] [34;1m[rows:-][0m SELECT column_name, is_nullable, data_type, character_maximum_length, numeric_precision, numeric_scale , datetime_precision FROM information_schema.columns WHERE table_schema = 'tohopedia' AND table_name = 'shops' ORDER BY ORDINAL_POSITION

2022/03/01 14:17:01 [32mC:/Users/faust/go/pkg/mod/gorm.io/driver/mysql@v1.2.3/migrator.go:234
[0m[33m[0.000ms] [34;1m[rows:-][0m SELECT DATABASE()

2022/03/01 14:17:01 [32mC:/Users/faust/go/pkg/mod/gorm.io/driver/mysql@v1.2.3/migrator.go:237
[0m[33m[1.190ms] [34;1m[rows:1][0m SELECT SCHEMA_NAME from Information_schema.SCHEMATA where SCHEMA_NAME LIKE 'tohopedia%' ORDER BY SCHEMA_NAME='tohopedia' DESC limit 1

2022/03/01 14:17:01 [32mD:/ASLAB/FA/TPA/3. Web/new/backend/migration/migration.go:15
[0m[33m[1.554ms] [34;1m[rows:-][0m SELECT count(*) FROM INFORMATION_SCHEMA.table_constraints WHERE constraint_schema = 'tohopedia' AND table_name = 'shops' AND constraint_name = 'fk_shops_user'

2022/03/01 14:17:01 [32mC:/Users/faust/go/pkg/mod/gorm.io/driver/mysql@v1.2.3/migrator.go:234
[0m[33m[0.000ms] [34;1m[rows:-][0m SELECT DATABASE()

2022/03/01 14:17:01 [32mC:/Users/faust/go/pkg/mod/gorm.io/driver/mysql@v1.2.3/migrator.go:237
[0m[33m[0.514ms] [34;1m[rows:1][0m SELECT SCHEMA_NAME from Information_schema.SCHEMATA where SCHEMA_NAME LIKE 'tohopedia%' ORDER BY SCHEMA_NAME='tohopedia' DESC limit 1

2022/03/01 14:17:01 [32mD:/ASLAB/FA/TPA/3. Web/new/backend/migration/migration.go:15
[0m[33m[0.000ms] [34;1m[rows:-][0m SELECT count(*) FROM information_schema.tables WHERE table_schema = 'tohopedia' AND table_name = 'categories' AND table_type = 'BASE TABLE'

2022/03/01 14:17:01 [32mC:/Users/faust/go/pkg/mod/gorm.io/driver/mysql@v1.2.3/migrator.go:234
[0m[33m[0.525ms] [34;1m[rows:-][0m SELECT DATABASE()

2022/03/01 14:17:01 [32mC:/Users/faust/go/pkg/mod/gorm.io/driver/mysql@v1.2.3/migrator.go:237
[0m[33m[0.526ms] [34;1m[rows:1][0m SELECT SCHEMA_NAME from Information_schema.SCHEMATA where SCHEMA_NAME LIKE 'tohopedia%' ORDER BY SCHEMA_NAME='tohopedia' DESC limit 1

2022/03/01 14:17:01 [32mC:/Users/faust/go/pkg/mod/gorm.io/driver/mysql@v1.2.3/migrator.go:205
[0m[33m[2.570ms] [34;1m[rows:-][0m SELECT column_name, is_nullable, data_type, character_maximum_length, numeric_precision, numeric_scale , datetime_precision FROM information_schema.columns WHERE table_schema = 'tohopedia' AND table_name = 'categories' ORDER BY ORDINAL_POSITION

2022/03/01 14:17:01 [32mC:/Users/faust/go/pkg/mod/gorm.io/driver/mysql@v1.2.3/migrator.go:234
[0m[33m[1.006ms] [34;1m[rows:-][0m SELECT DATABASE()

2022/03/01 14:17:01 [32mC:/Users/faust/go/pkg/mod/gorm.io/driver/mysql@v1.2.3/migrator.go:237
[0m[33m[0.000ms] [34;1m[rows:1][0m SELECT SCHEMA_NAME from Information_schema.SCHEMATA where SCHEMA_NAME LIKE 'tohopedia%' ORDER BY SCHEMA_NAME='tohopedia' DESC limit 1

2022/03/01 14:17:01 [32mD:/ASLAB/FA/TPA/3. Web/new/backend/migration/migration.go:15
[0m[33m[0.000ms] [34;1m[rows:-][0m SELECT count(*) FROM information_schema.tables WHERE table_schema = 'tohopedia' AND table_name = 'products' AND table_type = 'BASE TABLE'

2022/03/01 14:17:01 [32mC:/Users/faust/go/pkg/mod/gorm.io/driver/mysql@v1.2.3/migrator.go:234
[0m[33m[0.000ms] [34;1m[rows:-][0m SELECT DATABASE()

2022/03/01 14:17:01 [32mC:/Users/faust/go/pkg/mod/gorm.io/driver/mysql@v1.2.3/migrator.go:237
[0m[33m[0.000ms] [34;1m[rows:1][0m SELECT SCHEMA_NAME from Information_schema.SCHEMATA where SCHEMA_NAME LIKE 'tohopedia%' ORDER BY SCHEMA_NAME='tohopedia' DESC limit 1

2022/03/01 14:17:01 [32mC:/Users/faust/go/pkg/mod/gorm.io/driver/mysql@v1.2.3/migrator.go:205
[0m[33m[1.999ms] [34;1m[rows:-][0m SELECT column_name, is_nullable, data_type, character_maximum_length, numeric_precision, numeric_scale , datetime_precision FROM information_schema.columns WHERE table_schema = 'tohopedia' AND table_name = 'products' ORDER BY ORDINAL_POSITION

2022/03/01 14:17:01 [32mC:/Users/faust/go/pkg/mod/gorm.io/driver/mysql@v1.2.3/migrator.go:234
[0m[33m[0.000ms] [34;1m[rows:-][0m SELECT DATABASE()

2022/03/01 14:17:01 [32mC:/Users/faust/go/pkg/mod/gorm.io/driver/mysql@v1.2.3/migrator.go:237
[0m[33m[1.001ms] [34;1m[rows:1][0m SELECT SCHEMA_NAME from Information_schema.SCHEMATA where SCHEMA_NAME LIKE 'tohopedia%' ORDER BY SCHEMA_NAME='tohopedia' DESC limit 1

2022/03/01 14:17:01 [32mD:/ASLAB/FA/TPA/3. Web/new/backend/migration/migration.go:15
[0m[33m[1.999ms] [34;1m[rows:-][0m SELECT count(*) FROM INFORMATION_SCHEMA.table_constraints WHERE constraint_schema = 'tohopedia' AND table_name = 'products' AND constraint_name = 'fk_categories_products'

2022/03/01 14:17:01 [32mC:/Users/faust/go/pkg/mod/gorm.io/driver/mysql@v1.2.3/migrator.go:234
[0m[33m[0.000ms] [34;1m[rows:-][0m SELECT DATABASE()

2022/03/01 14:17:01 [32mC:/Users/faust/go/pkg/mod/gorm.io/driver/mysql@v1.2.3/migrator.go:237
[0m[33m[1.000ms] [34;1m[rows:1][0m SELECT SCHEMA_NAME from Information_schema.SCHEMATA where SCHEMA_NAME LIKE 'tohopedia%' ORDER BY SCHEMA_NAME='tohopedia' DESC limit 1

2022/03/01 14:17:01 [32mD:/ASLAB/FA/TPA/3. Web/new/backend/migration/migration.go:15
[0m[33m[2.000ms] [34;1m[rows:-][0m SELECT count(*) FROM INFORMATION_SCHEMA.table_constraints WHERE constraint_schema = 'tohopedia' AND table_name = 'products' AND constraint_name = 'fk_shops_products'

2022/03/01 14:17:01 [32mC:/Users/faust/go/pkg/mod/gorm.io/driver/mysql@v1.2.3/migrator.go:234
[0m[33m[0.000ms] [34;1m[rows:-][0m SELECT DATABASE()

2022/03/01 14:17:01 [32mC:/Users/faust/go/pkg/mod/gorm.io/driver/mysql@v1.2.3/migrator.go:237
[0m[33m[0.000ms] [34;1m[rows:1][0m SELECT SCHEMA_NAME from Information_schema.SCHEMATA where SCHEMA_NAME LIKE 'tohopedia%' ORDER BY SCHEMA_NAME='tohopedia' DESC limit 1

2022/03/01 14:17:01 [32mD:/ASLAB/FA/TPA/3. Web/new/backend/migration/migration.go:16
[0m[33m[1.001ms] [34;1m[rows:-][0m SELECT count(*) FROM information_schema.tables WHERE table_schema = 'tohopedia' AND table_name = 'users' AND table_type = 'BASE TABLE'

2022/03/01 14:17:01 [32mC:/Users/faust/go/pkg/mod/gorm.io/driver/mysql@v1.2.3/migrator.go:234
[0m[33m[0.000ms] [34;1m[rows:-][0m SELECT DATABASE()

2022/03/01 14:17:01 [32mC:/Users/faust/go/pkg/mod/gorm.io/driver/mysql@v1.2.3/migrator.go:237
[0m[33m[0.000ms] [34;1m[rows:1][0m SELECT SCHEMA_NAME from Information_schema.SCHEMATA where SCHEMA_NAME LIKE 'tohopedia%' ORDER BY SCHEMA_NAME='tohopedia' DESC limit 1

2022/03/01 14:17:01 [32mC:/Users/faust/go/pkg/mod/gorm.io/driver/mysql@v1.2.3/migrator.go:205
[0m[33m[2.539ms] [34;1m[rows:-][0m SELECT column_name, is_nullable, data_type, character_maximum_length, numeric_precision, numeric_scale , datetime_precision FROM information_schema.columns WHERE table_schema = 'tohopedia' AND table_name = 'users' ORDER BY ORDINAL_POSITION

2022/03/01 14:17:01 [32mC:/Users/faust/go/pkg/mod/gorm.io/driver/mysql@v1.2.3/migrator.go:234
[0m[33m[0.000ms] [34;1m[rows:-][0m SELECT DATABASE()

2022/03/01 14:17:01 [32mC:/Users/faust/go/pkg/mod/gorm.io/driver/mysql@v1.2.3/migrator.go:237
[0m[33m[0.683ms] [34;1m[rows:1][0m SELECT SCHEMA_NAME from Information_schema.SCHEMATA where SCHEMA_NAME LIKE 'tohopedia%' ORDER BY SCHEMA_NAME='tohopedia' DESC limit 1

2022/03/01 14:17:01 [32mD:/ASLAB/FA/TPA/3. Web/new/backend/migration/migration.go:16
[0m[33m[0.000ms] [34;1m[rows:-][0m SELECT count(*) FROM information_schema.tables WHERE table_schema = 'tohopedia' AND table_name = 'shops' AND table_type = 'BASE TABLE'

2022/03/01 14:17:01 [32mC:/Users/faust/go/pkg/mod/gorm.io/driver/mysql@v1.2.3/migrator.go:234
[0m[33m[0.000ms] [34;1m[rows:-][0m SELECT DATABASE()

2022/03/01 14:17:01 [32mC:/Users/faust/go/pkg/mod/gorm.io/driver/mysql@v1.2.3/migrator.go:237
[0m[33m[0.515ms] [34;1m[rows:1][0m SELECT SCHEMA_NAME from Information_schema.SCHEMATA where SCHEMA_NAME LIKE 'tohopedia%' ORDER BY SCHEMA_NAME='tohopedia' DESC limit 1

2022/03/01 14:17:01 [32mC:/Users/faust/go/pkg/mod/gorm.io/driver/mysql@v1.2.3/migrator.go:205
[0m[33m[1.556ms] [34;1m[rows:-][0m SELECT column_name, is_nullable, data_type, character_maximum_length, numeric_precision, numeric_scale , datetime_precision FROM information_schema.columns WHERE table_schema = 'tohopedia' AND table_name = 'shops' ORDER BY ORDINAL_POSITION

2022/03/01 14:17:01 [32mC:/Users/faust/go/pkg/mod/gorm.io/driver/mysql@v1.2.3/migrator.go:234
[0m[33m[0.000ms] [34;1m[rows:-][0m SELECT DATABASE()

2022/03/01 14:17:01 [32mC:/Users/faust/go/pkg/mod/gorm.io/driver/mysql@v1.2.3/migrator.go:237
[0m[33m[0.521ms] [34;1m[rows:1][0m SELECT SCHEMA_NAME from Information_schema.SCHEMATA where SCHEMA_NAME LIKE 'tohopedia%' ORDER BY SCHEMA_NAME='tohopedia' DESC limit 1

2022/03/01 14:17:01 [32mD:/ASLAB/FA/TPA/3. Web/new/backend/migration/migration.go:16
[0m[33m[1.509ms] [34;1m[rows:-][0m SELECT count(*) FROM INFORMATION_SCHEMA.table_constraints WHERE constraint_schema = 'tohopedia' AND table_name = 'shops' AND constraint_name = 'fk_shops_user'

2022/03/01 14:17:01 [32mC:/Users/faust/go/pkg/mod/gorm.io/driver/mysql@v1.2.3/migrator.go:234
[0m[33m[0.000ms] [34;1m[rows:-][0m SELECT DATABASE()

2022/03/01 14:17:01 [32mC:/Users/faust/go/pkg/mod/gorm.io/driver/mysql@v1.2.3/migrator.go:237
[0m[33m[1.004ms] [34;1m[rows:1][0m SELECT SCHEMA_NAME from Information_schema.SCHEMATA where SCHEMA_NAME LIKE 'tohopedia%' ORDER BY SCHEMA_NAME='tohopedia' DESC limit 1

2022/03/01 14:17:01 [32mD:/ASLAB/FA/TPA/3. Web/new/backend/migration/migration.go:16
[0m[33m[0.000ms] [34;1m[rows:-][0m SELECT count(*) FROM information_schema.tables WHERE table_schema = 'tohopedia' AND table_name = 'categories' AND table_type = 'BASE TABLE'

2022/03/01 14:17:01 [32mC:/Users/faust/go/pkg/mod/gorm.io/driver/mysql@v1.2.3/migrator.go:234
[0m[33m[0.000ms] [34;1m[rows:-][0m SELECT DATABASE()

2022/03/01 14:17:01 [32mC:/Users/faust/go/pkg/mod/gorm.io/driver/mysql@v1.2.3/migrator.go:237
[0m[33m[0.999ms] [34;1m[rows:1][0m SELECT SCHEMA_NAME from Information_schema.SCHEMATA where SCHEMA_NAME LIKE 'tohopedia%' ORDER BY SCHEMA_NAME='tohopedia' DESC limit 1

2022/03/01 14:17:01 [32mC:/Users/faust/go/pkg/mod/gorm.io/driver/mysql@v1.2.3/migrator.go:205
[0m[33m[2.616ms] [34;1m[rows:-][0m SELECT column_name, is_nullable, data_type, character_maximum_length, numeric_precision, numeric_scale , datetime_precision FROM information_schema.columns WHERE table_schema = 'tohopedia' AND table_name = 'categories' ORDER BY ORDINAL_POSITION

2022/03/01 14:17:01 [32mC:/Users/faust/go/pkg/mod/gorm.io/driver/mysql@v1.2.3/migrator.go:234
[0m[33m[0.000ms] [34;1m[rows:-][0m SELECT DATABASE()

2022/03/01 14:17:01 [32mC:/Users/faust/go/pkg/mod/gorm.io/driver/mysql@v1.2.3/migrator.go:237
[0m[33m[0.998ms] [34;1m[rows:1][0m SELECT SCHEMA_NAME from Information_schema.SCHEMATA where SCHEMA_NAME LIKE 'tohopedia%' ORDER BY SCHEMA_NAME='tohopedia' DESC limit 1

2022/03/01 14:17:01 [32mD:/ASLAB/FA/TPA/3. Web/new/backend/migration/migration.go:16
[0m[33m[0.000ms] [34;1m[rows:-][0m SELECT count(*) FROM information_schema.tables WHERE table_schema = 'tohopedia' AND table_name = 'products' AND table_type = 'BASE TABLE'

2022/03/01 14:17:01 [32mC:/Users/faust/go/pkg/mod/gorm.io/driver/mysql@v1.2.3/migrator.go:234
[0m[33m[0.000ms] [34;1m[rows:-][0m SELECT DATABASE()

2022/03/01 14:17:01 [32mC:/Users/faust/go/pkg/mod/gorm.io/driver/mysql@v1.2.3/migrator.go:237
[0m[33m[1.000ms] [34;1m[rows:1][0m SELECT SCHEMA_NAME from Information_schema.SCHEMATA where SCHEMA_NAME LIKE 'tohopedia%' ORDER BY SCHEMA_NAME='tohopedia' DESC limit 1

2022/03/01 14:17:01 [32mC:/Users/faust/go/pkg/mod/gorm.io/driver/mysql@v1.2.3/migrator.go:205
[0m[33m[2.000ms] [34;1m[rows:-][0m SELECT column_name, is_nullable, data_type, character_maximum_length, numeric_precision, numeric_scale , datetime_precision FROM information_schema.columns WHERE table_schema = 'tohopedia' AND table_name = 'products' ORDER BY ORDINAL_POSITION

2022/03/01 14:17:01 [32mC:/Users/faust/go/pkg/mod/gorm.io/driver/mysql@v1.2.3/migrator.go:234
[0m[33m[0.000ms] [34;1m[rows:-][0m SELECT DATABASE()

2022/03/01 14:17:01 [32mC:/Users/faust/go/pkg/mod/gorm.io/driver/mysql@v1.2.3/migrator.go:237
[0m[33m[1.276ms] [34;1m[rows:1][0m SELECT SCHEMA_NAME from Information_schema.SCHEMATA where SCHEMA_NAME LIKE 'tohopedia%' ORDER BY SCHEMA_NAME='tohopedia' DESC limit 1

2022/03/01 14:17:01 [32mD:/ASLAB/FA/TPA/3. Web/new/backend/migration/migration.go:16
[0m[33m[1.516ms] [34;1m[rows:-][0m SELECT count(*) FROM INFORMATION_SCHEMA.table_constraints WHERE constraint_schema = 'tohopedia' AND table_name = 'products' AND constraint_name = 'fk_shops_products'

2022/03/01 14:17:01 [32mC:/Users/faust/go/pkg/mod/gorm.io/driver/mysql@v1.2.3/migrator.go:234
[0m[33m[0.000ms] [34;1m[rows:-][0m SELECT DATABASE()

2022/03/01 14:17:01 [32mC:/Users/faust/go/pkg/mod/gorm.io/driver/mysql@v1.2.3/migrator.go:237
[0m[33m[1.055ms] [34;1m[rows:1][0m SELECT SCHEMA_NAME from Information_schema.SCHEMATA where SCHEMA_NAME LIKE 'tohopedia%' ORDER BY SCHEMA_NAME='tohopedia' DESC limit 1

2022/03/01 14:17:01 [32mD:/ASLAB/FA/TPA/3. Web/new/backend/migration/migration.go:16
[0m[33m[1.094ms] [34;1m[rows:-][0m SELECT count(*) FROM INFORMATION_SCHEMA.table_constraints WHERE constraint_schema = 'tohopedia' AND table_name = 'products' AND constraint_name = 'fk_categories_products'

2022/03/01 14:17:01 [32mC:/Users/faust/go/pkg/mod/gorm.io/driver/mysql@v1.2.3/migrator.go:234
[0m[33m[0.000ms] [34;1m[rows:-][0m SELECT DATABASE()

2022/03/01 14:17:01 [32mC:/Users/faust/go/pkg/mod/gorm.io/driver/mysql@v1.2.3/migrator.go:237
[0m[33m[0.535ms] [34;1m[rows:1][0m SELECT SCHEMA_NAME from Information_schema.SCHEMATA where SCHEMA_NAME LIKE 'tohopedia%' ORDER BY SCHEMA_NAME='tohopedia' DESC limit 1

2022/03/01 14:17:01 [32mD:/ASLAB/FA/TPA/3. Web/new/backend/migration/migration.go:16
[0m[33m[0.000ms] [34;1m[rows:-][0m SELECT count(*) FROM information_schema.tables WHERE table_schema = 'tohopedia' AND table_name = 'product_images' AND table_type = 'BASE TABLE'

2022/03/01 14:17:01 [32mC:/Users/faust/go/pkg/mod/gorm.io/driver/mysql@v1.2.3/migrator.go:234
[0m[33m[0.528ms] [34;1m[rows:-][0m SELECT DATABASE()

2022/03/01 14:17:01 [32mC:/Users/faust/go/pkg/mod/gorm.io/driver/mysql@v1.2.3/migrator.go:237
[0m[33m[0.539ms] [34;1m[rows:1][0m SELECT SCHEMA_NAME from Information_schema.SCHEMATA where SCHEMA_NAME LIKE 'tohopedia%' ORDER BY SCHEMA_NAME='tohopedia' DESC limit 1

2022/03/01 14:17:01 [32mC:/Users/faust/go/pkg/mod/gorm.io/driver/mysql@v1.2.3/migrator.go:205
[0m[33m[2.055ms] [34;1m[rows:-][0m SELECT column_name, is_nullable, data_type, character_maximum_length, numeric_precision, numeric_scale , datetime_precision FROM information_schema.columns WHERE table_schema = 'tohopedia' AND table_name = 'product_images' ORDER BY ORDINAL_POSITION

2022/03/01 14:17:01 [32mC:/Users/faust/go/pkg/mod/gorm.io/driver/mysql@v1.2.3/migrator.go:234
[0m[33m[0.000ms] [34;1m[rows:-][0m SELECT DATABASE()

2022/03/01 14:17:01 [32mC:/Users/faust/go/pkg/mod/gorm.io/driver/mysql@v1.2.3/migrator.go:237
[0m[33m[0.524ms] [34;1m[rows:1][0m SELECT SCHEMA_NAME from Information_schema.SCHEMATA where SCHEMA_NAME LIKE 'tohopedia%' ORDER BY SCHEMA_NAME='tohopedia' DESC limit 1

2022/03/01 14:17:01 [32mD:/ASLAB/FA/TPA/3. Web/new/backend/migration/migration.go:16
[0m[33m[2.100ms] [34;1m[rows:-][0m SELECT count(*) FROM INFORMATION_SCHEMA.table_constraints WHERE constraint_schema = 'tohopedia' AND table_name = 'product_images' AND constraint_name = 'fk_products_images'

2022/03/01 14:17:01 [32mC:/Users/faust/go/pkg/mod/gorm.io/driver/mysql@v1.2.3/migrator.go:234
[0m[33m[0.000ms] [34;1m[rows:-][0m SELECT DATABASE()

2022/03/01 14:17:01 [32mC:/Users/faust/go/pkg/mod/gorm.io/driver/mysql@v1.2.3/migrator.go:237
[0m[33m[0.539ms] [34;1m[rows:1][0m SELECT SCHEMA_NAME from Information_schema.SCHEMATA where SCHEMA_NAME LIKE 'tohopedia%' ORDER BY SCHEMA_NAME='tohopedia' DESC limit 1

2022/03/01 14:17:01 [32mD:/ASLAB/FA/TPA/3. Web/new/backend/migration/migration.go:17
[0m[33m[0.515ms] [34;1m[rows:-][0m SELECT count(*) FROM information_schema.tables WHERE table_schema = 'tohopedia' AND table_name = 'users' AND table_type = 'BASE TABLE'

2022/03/01 14:17:01 [32mC:/Users/faust/go/pkg/mod/gorm.io/driver/mysql@v1.2.3/migrator.go:234
[0m[33m[0.000ms] [34;1m[rows:-][0m SELECT DATABASE()

2022/03/01 14:17:01 [32mC:/Users/faust/go/pkg/mod/gorm.io/driver/mysql@v1.2.3/migrator.go:237
[0m[33m[0.529ms] [34;1m[rows:1][0m SELECT SCHEMA_NAME from Information_schema.SCHEMATA where SCHEMA_NAME LIKE 'tohopedia%' ORDER BY SCHEMA_NAME='tohopedia' DESC limit 1

2022/03/01 14:17:01 [32mC:/Users/faust/go/pkg/mod/gorm.io/driver/mysql@v1.2.3/migrator.go:205
[0m[33m[2.039ms] [34;1m[rows:-][0m SELECT column_name, is_nullable, data_type, character_maximum_length, numeric_precision, numeric_scale , datetime_precision FROM information_schema.columns WHERE table_schema = 'tohopedia' AND table_name = 'users' ORDER BY ORDINAL_POSITION

2022/03/01 14:17:01 [32mC:/Users/faust/go/pkg/mod/gorm.io/driver/mysql@v1.2.3/migrator.go:234
[0m[33m[0.000ms] [34;1m[rows:-][0m SELECT DATABASE()

2022/03/01 14:17:01 [32mC:/Users/faust/go/pkg/mod/gorm.io/driver/mysql@v1.2.3/migrator.go:237
[0m[33m[0.527ms] [34;1m[rows:1][0m SELECT SCHEMA_NAME from Information_schema.SCHEMATA where SCHEMA_NAME LIKE 'tohopedia%' ORDER BY SCHEMA_NAME='tohopedia' DESC limit 1

2022/03/01 14:17:01 [32mD:/ASLAB/FA/TPA/3. Web/new/backend/migration/migration.go:17
[0m[33m[0.000ms] [34;1m[rows:-][0m SELECT count(*) FROM information_schema.tables WHERE table_schema = 'tohopedia' AND table_name = 'shops' AND table_type = 'BASE TABLE'

2022/03/01 14:17:01 [32mC:/Users/faust/go/pkg/mod/gorm.io/driver/mysql@v1.2.3/migrator.go:234
[0m[33m[0.000ms] [34;1m[rows:-][0m SELECT DATABASE()

2022/03/01 14:17:01 [32mC:/Users/faust/go/pkg/mod/gorm.io/driver/mysql@v1.2.3/migrator.go:237
[0m[33m[0.000ms] [34;1m[rows:1][0m SELECT SCHEMA_NAME from Information_schema.SCHEMATA where SCHEMA_NAME LIKE 'tohopedia%' ORDER BY SCHEMA_NAME='tohopedia' DESC limit 1

2022/03/01 14:17:01 [32mC:/Users/faust/go/pkg/mod/gorm.io/driver/mysql@v1.2.3/migrator.go:205
[0m[33m[2.152ms] [34;1m[rows:-][0m SELECT column_name, is_nullable, data_type, character_maximum_length, numeric_precision, numeric_scale , datetime_precision FROM information_schema.columns WHERE table_schema = 'tohopedia' AND table_name = 'shops' ORDER BY ORDINAL_POSITION

2022/03/01 14:17:01 [32mC:/Users/faust/go/pkg/mod/gorm.io/driver/mysql@v1.2.3/migrator.go:234
[0m[33m[0.000ms] [34;1m[rows:-][0m SELECT DATABASE()

2022/03/01 14:17:01 [32mC:/Users/faust/go/pkg/mod/gorm.io/driver/mysql@v1.2.3/migrator.go:237
[0m[33m[1.006ms] [34;1m[rows:1][0m SELECT SCHEMA_NAME from Information_schema.SCHEMATA where SCHEMA_NAME LIKE 'tohopedia%' ORDER BY SCHEMA_NAME='tohopedia' DESC limit 1

2022/03/01 14:17:01 [32mD:/ASLAB/FA/TPA/3. Web/new/backend/migration/migration.go:17
[0m[33m[2.032ms] [34;1m[rows:-][0m SELECT count(*) FROM INFORMATION_SCHEMA.table_constraints WHERE constraint_schema = 'tohopedia' AND table_name = 'shops' AND constraint_name = 'fk_shops_user'

2022/03/01 14:17:01 [32mC:/Users/faust/go/pkg/mod/gorm.io/driver/mysql@v1.2.3/migrator.go:234
[0m[33m[0.000ms] [34;1m[rows:-][0m SELECT DATABASE()

2022/03/01 14:17:01 [32mC:/Users/faust/go/pkg/mod/gorm.io/driver/mysql@v1.2.3/migrator.go:237
[0m[33m[1.000ms] [34;1m[rows:1][0m SELECT SCHEMA_NAME from Information_schema.SCHEMATA where SCHEMA_NAME LIKE 'tohopedia%' ORDER BY SCHEMA_NAME='tohopedia' DESC limit 1

2022/03/01 14:17:01 [32mD:/ASLAB/FA/TPA/3. Web/new/backend/migration/migration.go:17
[0m[33m[0.000ms] [34;1m[rows:-][0m SELECT count(*) FROM information_schema.tables WHERE table_schema = 'tohopedia' AND table_name = 'categories' AND table_type = 'BASE TABLE'

2022/03/01 14:17:01 [32mC:/Users/faust/go/pkg/mod/gorm.io/driver/mysql@v1.2.3/migrator.go:234
[0m[33m[0.000ms] [34;1m[rows:-][0m SELECT DATABASE()

2022/03/01 14:17:01 [32mC:/Users/faust/go/pkg/mod/gorm.io/driver/mysql@v1.2.3/migrator.go:237
[0m[33m[1.016ms] [34;1m[rows:1][0m SELECT SCHEMA_NAME from Information_schema.SCHEMATA where SCHEMA_NAME LIKE 'tohopedia%' ORDER BY SCHEMA_NAME='tohopedia' DESC limit 1

2022/03/01 14:17:01 [32mC:/Users/faust/go/pkg/mod/gorm.io/driver/mysql@v1.2.3/migrator.go:205
[0m[33m[1.510ms] [34;1m[rows:-][0m SELECT column_name, is_nullable, data_type, character_maximum_length, numeric_precision, numeric_scale , datetime_precision FROM information_schema.columns WHERE table_schema = 'tohopedia' AND table_name = 'categories' ORDER BY ORDINAL_POSITION

2022/03/01 14:17:01 [32mC:/Users/faust/go/pkg/mod/gorm.io/driver/mysql@v1.2.3/migrator.go:234
[0m[33m[0.000ms] [34;1m[rows:-][0m SELECT DATABASE()

2022/03/01 14:17:01 [32mC:/Users/faust/go/pkg/mod/gorm.io/driver/mysql@v1.2.3/migrator.go:237
[0m[33m[0.526ms] [34;1m[rows:1][0m SELECT SCHEMA_NAME from Information_schema.SCHEMATA where SCHEMA_NAME LIKE 'tohopedia%' ORDER BY SCHEMA_NAME='tohopedia' DESC limit 1

2022/03/01 14:17:01 [32mD:/ASLAB/FA/TPA/3. Web/new/backend/migration/migration.go:17
[0m[33m[0.000ms] [34;1m[rows:-][0m SELECT count(*) FROM information_schema.tables WHERE table_schema = 'tohopedia' AND table_name = 'products' AND table_type = 'BASE TABLE'

2022/03/01 14:17:01 [32mC:/Users/faust/go/pkg/mod/gorm.io/driver/mysql@v1.2.3/migrator.go:234
[0m[33m[0.000ms] [34;1m[rows:-][0m SELECT DATABASE()

2022/03/01 14:17:01 [32mC:/Users/faust/go/pkg/mod/gorm.io/driver/mysql@v1.2.3/migrator.go:237
[0m[33m[0.516ms] [34;1m[rows:1][0m SELECT SCHEMA_NAME from Information_schema.SCHEMATA where SCHEMA_NAME LIKE 'tohopedia%' ORDER BY SCHEMA_NAME='tohopedia' DESC limit 1

2022/03/01 14:17:01 [32mC:/Users/faust/go/pkg/mod/gorm.io/driver/mysql@v1.2.3/migrator.go:205
[0m[33m[1.514ms] [34;1m[rows:-][0m SELECT column_name, is_nullable, data_type, character_maximum_length, numeric_precision, numeric_scale , datetime_precision FROM information_schema.columns WHERE table_schema = 'tohopedia' AND table_name = 'products' ORDER BY ORDINAL_POSITION

2022/03/01 14:17:01 [32mC:/Users/faust/go/pkg/mod/gorm.io/driver/mysql@v1.2.3/migrator.go:234
[0m[33m[0.000ms] [34;1m[rows:-][0m SELECT DATABASE()

2022/03/01 14:17:01 [32mC:/Users/faust/go/pkg/mod/gorm.io/driver/mysql@v1.2.3/migrator.go:237
[0m[33m[1.452ms] [34;1m[rows:1][0m SELECT SCHEMA_NAME from Information_schema.SCHEMATA where SCHEMA_NAME LIKE 'tohopedia%' ORDER BY SCHEMA_NAME='tohopedia' DESC limit 1

2022/03/01 14:17:01 [32mD:/ASLAB/FA/TPA/3. Web/new/backend/migration/migration.go:17
[0m[33m[1.519ms] [34;1m[rows:-][0m SELECT count(*) FROM INFORMATION_SCHEMA.table_constraints WHERE constraint_schema = 'tohopedia' AND table_name = 'products' AND constraint_name = 'fk_categories_products'

2022/03/01 14:17:01 [32mC:/Users/faust/go/pkg/mod/gorm.io/driver/mysql@v1.2.3/migrator.go:234
[0m[33m[0.000ms] [34;1m[rows:-][0m SELECT DATABASE()

2022/03/01 14:17:01 [32mC:/Users/faust/go/pkg/mod/gorm.io/driver/mysql@v1.2.3/migrator.go:237
[0m[33m[0.593ms] [34;1m[rows:1][0m SELECT SCHEMA_NAME from Information_schema.SCHEMATA where SCHEMA_NAME LIKE 'tohopedia%' ORDER BY SCHEMA_NAME='tohopedia' DESC limit 1

2022/03/01 14:17:01 [32mD:/ASLAB/FA/TPA/3. Web/new/backend/migration/migration.go:17
[0m[33m[1.514ms] [34;1m[rows:-][0m SELECT count(*) FROM INFORMATION_SCHEMA.table_constraints WHERE constraint_schema = 'tohopedia' AND table_name = 'products' AND constraint_name = 'fk_shops_products'

2022/03/01 14:17:01 [32mC:/Users/faust/go/pkg/mod/gorm.io/driver/mysql@v1.2.3/migrator.go:234
[0m[33m[0.000ms] [34;1m[rows:-][0m SELECT DATABASE()

2022/03/01 14:17:01 [32mC:/Users/faust/go/pkg/mod/gorm.io/driver/mysql@v1.2.3/migrator.go:237
[0m[33m[0.599ms] [34;1m[rows:1][0m SELECT SCHEMA_NAME from Information_schema.SCHEMATA where SCHEMA_NAME LIKE 'tohopedia%' ORDER BY SCHEMA_NAME='tohopedia' DESC limit 1

2022/03/01 14:17:01 [32mD:/ASLAB/FA/TPA/3. Web/new/backend/migration/migration.go:17
[0m[33m[0.541ms] [34;1m[rows:-][0m SELECT count(*) FROM information_schema.tables WHERE table_schema = 'tohopedia' AND table_name = 'carts' AND table_type = 'BASE TABLE'

2022/03/01 14:17:01 [32mC:/Users/faust/go/pkg/mod/gorm.io/driver/mysql@v1.2.3/migrator.go:234
[0m[33m[0.000ms] [34;1m[rows:-][0m SELECT DATABASE()

2022/03/01 14:17:01 [32mC:/Users/faust/go/pkg/mod/gorm.io/driver/mysql@v1.2.3/migrator.go:237
[0m[33m[0.667ms] [34;1m[rows:1][0m SELECT SCHEMA_NAME from Information_schema.SCHEMATA where SCHEMA_NAME LIKE 'tohopedia%' ORDER BY SCHEMA_NAME='tohopedia' DESC limit 1

2022/03/01 14:17:01 [32mC:/Users/faust/go/pkg/mod/gorm.io/driver/mysql@v1.2.3/migrator.go:205
[0m[33m[1.513ms] [34;1m[rows:-][0m SELECT column_name, is_nullable, data_type, character_maximum_length, numeric_precision, numeric_scale , datetime_precision FROM information_schema.columns WHERE table_schema = 'tohopedia' AND table_name = 'carts' ORDER BY ORDINAL_POSITION

2022/03/01 14:17:01 [32mC:/Users/faust/go/pkg/mod/gorm.io/driver/mysql@v1.2.3/migrator.go:234
[0m[33m[0.000ms] [34;1m[rows:-][0m SELECT DATABASE()

2022/03/01 14:17:01 [32mC:/Users/faust/go/pkg/mod/gorm.io/driver/mysql@v1.2.3/migrator.go:237
[0m[33m[1.682ms] [34;1m[rows:1][0m SELECT SCHEMA_NAME from Information_schema.SCHEMATA where SCHEMA_NAME LIKE 'tohopedia%' ORDER BY SCHEMA_NAME='tohopedia' DESC limit 1

2022/03/01 14:17:01 [32mD:/ASLAB/FA/TPA/3. Web/new/backend/migration/migration.go:17
[0m[33m[1.035ms] [34;1m[rows:-][0m SELECT count(*) FROM INFORMATION_SCHEMA.table_constraints WHERE constraint_schema = 'tohopedia' AND table_name = 'carts' AND constraint_name = 'fk_carts_product'

2022/03/01 14:17:01 [32mC:/Users/faust/go/pkg/mod/gorm.io/driver/mysql@v1.2.3/migrator.go:234
[0m[33m[0.000ms] [34;1m[rows:-][0m SELECT DATABASE()

2022/03/01 14:17:01 [32mC:/Users/faust/go/pkg/mod/gorm.io/driver/mysql@v1.2.3/migrator.go:237
[0m[33m[0.617ms] [34;1m[rows:1][0m SELECT SCHEMA_NAME from Information_schema.SCHEMATA where SCHEMA_NAME LIKE 'tohopedia%' ORDER BY SCHEMA_NAME='tohopedia' DESC limit 1

2022/03/01 14:17:01 [32mD:/ASLAB/FA/TPA/3. Web/new/backend/migration/migration.go:17
[0m[33m[0.519ms] [34;1m[rows:-][0m SELECT count(*) FROM INFORMATION_SCHEMA.table_constraints WHERE constraint_schema = 'tohopedia' AND table_name = 'carts' AND constraint_name = 'fk_carts_user'

2022/03/01 14:17:01 [32mC:/Users/faust/go/pkg/mod/gorm.io/driver/mysql@v1.2.3/migrator.go:234
[0m[33m[0.000ms] [34;1m[rows:-][0m SELECT DATABASE()

2022/03/01 14:17:01 [32mC:/Users/faust/go/pkg/mod/gorm.io/driver/mysql@v1.2.3/migrator.go:237
[0m[33m[1.028ms] [34;1m[rows:1][0m SELECT SCHEMA_NAME from Information_schema.SCHEMATA where SCHEMA_NAME LIKE 'tohopedia%' ORDER BY SCHEMA_NAME='tohopedia' DESC limit 1

2022/03/01 14:17:01 [32mD:/ASLAB/FA/TPA/3. Web/new/backend/migration/migration.go:18
[0m[33m[0.000ms] [34;1m[rows:-][0m SELECT count(*) FROM information_schema.tables WHERE table_schema = 'tohopedia' AND table_name = 'users' AND table_type = 'BASE TABLE'

2022/03/01 14:17:01 [32mC:/Users/faust/go/pkg/mod/gorm.io/driver/mysql@v1.2.3/migrator.go:234
[0m[33m[0.545ms] [34;1m[rows:-][0m SELECT DATABASE()

2022/03/01 14:17:01 [32mC:/Users/faust/go/pkg/mod/gorm.io/driver/mysql@v1.2.3/migrator.go:237
[0m[33m[0.690ms] [34;1m[rows:1][0m SELECT SCHEMA_NAME from Information_schema.SCHEMATA where SCHEMA_NAME LIKE 'tohopedia%' ORDER BY SCHEMA_NAME='tohopedia' DESC limit 1

2022/03/01 14:17:01 [32mC:/Users/faust/go/pkg/mod/gorm.io/driver/mysql@v1.2.3/migrator.go:205
[0m[33m[1.510ms] [34;1m[rows:-][0m SELECT column_name, is_nullable, data_type, character_maximum_length, numeric_precision, numeric_scale , datetime_precision FROM information_schema.columns WHERE table_schema = 'tohopedia' AND table_name = 'users' ORDER BY ORDINAL_POSITION

2022/03/01 14:17:01 [32mC:/Users/faust/go/pkg/mod/gorm.io/driver/mysql@v1.2.3/migrator.go:234
[0m[33m[0.000ms] [34;1m[rows:-][0m SELECT DATABASE()

2022/03/01 14:17:01 [32mC:/Users/faust/go/pkg/mod/gorm.io/driver/mysql@v1.2.3/migrator.go:237
[0m[33m[0.658ms] [34;1m[rows:1][0m SELECT SCHEMA_NAME from Information_schema.SCHEMATA where SCHEMA_NAME LIKE 'tohopedia%' ORDER BY SCHEMA_NAME='tohopedia' DESC limit 1

2022/03/01 14:17:01 [32mD:/ASLAB/FA/TPA/3. Web/new/backend/migration/migration.go:18
[0m[33m[0.000ms] [34;1m[rows:-][0m SELECT count(*) FROM information_schema.tables WHERE table_schema = 'tohopedia' AND table_name = 'addresses' AND table_type = 'BASE TABLE'

2022/03/01 14:17:01 [32mC:/Users/faust/go/pkg/mod/gorm.io/driver/mysql@v1.2.3/migrator.go:234
[0m[33m[0.000ms] [34;1m[rows:-][0m SELECT DATABASE()

2022/03/01 14:17:01 [32mC:/Users/faust/go/pkg/mod/gorm.io/driver/mysql@v1.2.3/migrator.go:237
[0m[33m[0.520ms] [34;1m[rows:1][0m SELECT SCHEMA_NAME from Information_schema.SCHEMATA where SCHEMA_NAME LIKE 'tohopedia%' ORDER BY SCHEMA_NAME='tohopedia' DESC limit 1

2022/03/01 14:17:01 [32mC:/Users/faust/go/pkg/mod/gorm.io/driver/mysql@v1.2.3/migrator.go:205
[0m[33m[1.512ms] [34;1m[rows:-][0m SELECT column_name, is_nullable, data_type, character_maximum_length, numeric_precision, numeric_scale , datetime_precision FROM information_schema.columns WHERE table_schema = 'tohopedia' AND table_name = 'addresses' ORDER BY ORDINAL_POSITION

2022/03/01 14:17:01 [32mC:/Users/faust/go/pkg/mod/gorm.io/driver/mysql@v1.2.3/migrator.go:234
[0m[33m[0.000ms] [34;1m[rows:-][0m SELECT DATABASE()

2022/03/01 14:17:01 [32mC:/Users/faust/go/pkg/mod/gorm.io/driver/mysql@v1.2.3/migrator.go:237
[0m[33m[0.529ms] [34;1m[rows:1][0m SELECT SCHEMA_NAME from Information_schema.SCHEMATA where SCHEMA_NAME LIKE 'tohopedia%' ORDER BY SCHEMA_NAME='tohopedia' DESC limit 1

2022/03/01 14:17:01 [32mD:/ASLAB/FA/TPA/3. Web/new/backend/migration/migration.go:18
[0m[33m[1.853ms] [34;1m[rows:-][0m SELECT count(*) FROM INFORMATION_SCHEMA.table_constraints WHERE constraint_schema = 'tohopedia' AND table_name = 'addresses' AND constraint_name = 'fk_addresses_user'

2022/03/01 14:17:13 [32mD:/ASLAB/FA/TPA/3. Web/new/backend/graph/product.resolvers.go:135
[0m[33m[1.001ms] [34;1m[rows:4][0m SELECT * FROM `categories`

2022/03/01 14:17:13 [32mD:/ASLAB/FA/TPA/3. Web/new/backend/service/user.go:39
[0m[33m[1.080ms] [34;1m[rows:1][0m SELECT * FROM `users` WHERE id = '49c03605-07e7-4723-8577-4cebd7f23e9e' LIMIT 1

2022/03/01 14:17:13 [32mD:/ASLAB/FA/TPA/3. Web/new/backend/service/user.go:39
[0m[33m[0.693ms] [34;1m[rows:1][0m SELECT * FROM `users` WHERE id = '49c03605-07e7-4723-8577-4cebd7f23e9e' LIMIT 1

2022/03/01 14:17:13 [32mD:/ASLAB/FA/TPA/3. Web/new/backend/graph/shop.resolvers.go:85
[0m[33m[1.249ms] [34;1m[rows:1][0m SELECT * FROM `shops` WHERE user_id = '49c03605-07e7-4723-8577-4cebd7f23e9e' LIMIT 1

2022/03/01 14:17:13 [32mD:/ASLAB/FA/TPA/3. Web/new/backend/graph/shop.resolvers.go:85
[0m[33m[0.693ms] [34;1m[rows:1][0m SELECT * FROM `shops` WHERE user_id = '49c03605-07e7-4723-8577-4cebd7f23e9e' LIMIT 1

2022/03/01 14:18:46 [32mD:/ASLAB/FA/TPA/3. Web/new/backend/service/user.go:39
[0m[33m[0.000ms] [34;1m[rows:1][0m SELECT * FROM `users` WHERE id = '49c03605-07e7-4723-8577-4cebd7f23e9e' LIMIT 1

2022/03/01 14:18:46 [32mD:/ASLAB/FA/TPA/3. Web/new/backend/graph/shop.resolvers.go:85
[0m[33m[0.536ms] [34;1m[rows:1][0m SELECT * FROM `shops` WHERE user_id = '49c03605-07e7-4723-8577-4cebd7f23e9e' LIMIT 1

2022/03/01 14:18:46 [32mD:/ASLAB/FA/TPA/3. Web/new/backend/graph/shop.resolvers.go:85
[0m[33m[0.530ms] [34;1m[rows:1][0m SELECT * FROM `shops` WHERE user_id = '49c03605-07e7-4723-8577-4cebd7f23e9e' LIMIT 1

2022/03/01 14:18:46 [32mD:/ASLAB/FA/TPA/3. Web/new/backend/graph/product.resolvers.go:135
[0m[33m[0.967ms] [34;1m[rows:4][0m SELECT * FROM `categories`

2022/03/01 14:18:46 [32mD:/ASLAB/FA/TPA/3. Web/new/backend/service/user.go:39
[0m[33m[0.000ms] [34;1m[rows:1][0m SELECT * FROM `users` WHERE id = '49c03605-07e7-4723-8577-4cebd7f23e9e' LIMIT 1

2022/03/01 14:18:52 [32mD:/ASLAB/FA/TPA/3. Web/new/backend/graph/product.resolvers.go:50
[0m[33m[0.523ms] [34;1m[rows:1][0m SELECT * FROM `shops` WHERE user_id = '49c03605-07e7-4723-8577-4cebd7f23e9e'

2022/03/01 14:18:52 [32mD:/ASLAB/FA/TPA/3. Web/new/backend/graph/product.resolvers.go:67
[0m[33m[1.261ms] [34;1m[rows:1][0m INSERT INTO `products` (`id`,`name`,`description`,`price`,`discount`,`stock`,`metadata`,`created_at`,`category_id`,`shop_id`) VALUES ('199722b4-3a15-4025-b660-9f2331e8061e','test','test',50000,3.000000,13,'test','2022-03-01 14:18:52.368','6a0cc651-b897-484b-9af9-c3aee31bcc4b','d6f9c34e-4340-4fb4-9829-bdc23f2602cd')

2022/03/01 14:19:36 [32mD:/ASLAB/FA/TPA/3. Web/new/backend/service/user.go:39
[0m[33m[0.786ms] [34;1m[rows:1][0m SELECT * FROM `users` WHERE id = '49c03605-07e7-4723-8577-4cebd7f23e9e' LIMIT 1

2022/03/01 14:19:36 [32mD:/ASLAB/FA/TPA/3. Web/new/backend/graph/shop.resolvers.go:85
[0m[33m[0.798ms] [34;1m[rows:1][0m SELECT * FROM `shops` WHERE user_id = '49c03605-07e7-4723-8577-4cebd7f23e9e' LIMIT 1

2022/03/01 14:19:36 [32mD:/ASLAB/FA/TPA/3. Web/new/backend/graph/product.resolvers.go:135
[0m[33m[0.000ms] [34;1m[rows:4][0m SELECT * FROM `categories`

2022/03/01 14:19:36 [32mD:/ASLAB/FA/TPA/3. Web/new/backend/graph/shop.resolvers.go:85
[0m[33m[0.000ms] [34;1m[rows:1][0m SELECT * FROM `shops` WHERE user_id = '49c03605-07e7-4723-8577-4cebd7f23e9e' LIMIT 1

2022/03/01 14:19:36 [32mD:/ASLAB/FA/TPA/3. Web/new/backend/service/user.go:39
[0m[33m[0.000ms] [34;1m[rows:1][0m SELECT * FROM `users` WHERE id = '49c03605-07e7-4723-8577-4cebd7f23e9e' LIMIT 1

2022/03/01 14:19:53 [32mD:/ASLAB/FA/TPA/3. Web/new/backend/service/user.go:39
[0m[33m[0.532ms] [34;1m[rows:1][0m SELECT * FROM `users` WHERE id = '49c03605-07e7-4723-8577-4cebd7f23e9e' LIMIT 1

2022/03/01 14:19:53 [32mD:/ASLAB/FA/TPA/3. Web/new/backend/graph/shop.resolvers.go:85
[0m[33m[1.266ms] [34;1m[rows:1][0m SELECT * FROM `shops` WHERE user_id = '49c03605-07e7-4723-8577-4cebd7f23e9e' LIMIT 1

2022/03/01 14:20:14 [32mD:/ASLAB/FA/TPA/3. Web/new/backend/service/user.go:39
[0m[33m[0.000ms] [34;1m[rows:1][0m SELECT * FROM `users` WHERE id = '49c03605-07e7-4723-8577-4cebd7f23e9e' LIMIT 1

2022/03/01 14:20:14 [32mD:/ASLAB/FA/TPA/3. Web/new/backend/graph/shop.resolvers.go:85
[0m[33m[0.912ms] [34;1m[rows:1][0m SELECT * FROM `shops` WHERE user_id = '49c03605-07e7-4723-8577-4cebd7f23e9e' LIMIT 1

2022/03/01 14:20:14 [32mD:/ASLAB/FA/TPA/3. Web/new/backend/service/user.go:39
[0m[33m[0.965ms] [34;1m[rows:1][0m SELECT * FROM `users` WHERE id = '49c03605-07e7-4723-8577-4cebd7f23e9e' LIMIT 1

2022/03/01 14:20:14 [32mD:/ASLAB/FA/TPA/3. Web/new/backend/graph/shop.resolvers.go:85
[0m[33m[0.605ms] [34;1m[rows:1][0m SELECT * FROM `shops` WHERE user_id = '49c03605-07e7-4723-8577-4cebd7f23e9e' LIMIT 1

2022/03/01 14:24:00 [32mD:/ASLAB/FA/TPA/3. Web/new/backend/service/user.go:39
[0m[33m[0.999ms] [34;1m[rows:1][0m SELECT * FROM `users` WHERE id = '49c03605-07e7-4723-8577-4cebd7f23e9e' LIMIT 1

2022/03/01 14:24:00 [32mD:/ASLAB/FA/TPA/3. Web/new/backend/graph/shop.resolvers.go:85
[0m[33m[0.944ms] [34;1m[rows:1][0m SELECT * FROM `shops` WHERE user_id = '49c03605-07e7-4723-8577-4cebd7f23e9e' LIMIT 1

2022/03/01 14:24:00 [32mD:/ASLAB/FA/TPA/3. Web/new/backend/graph/shop.resolvers.go:85
[0m[33m[0.529ms] [34;1m[rows:1][0m SELECT * FROM `shops` WHERE user_id = '49c03605-07e7-4723-8577-4cebd7f23e9e' LIMIT 1

2022/03/01 14:25:02 [32mD:/ASLAB/FA/TPA/3. Web/new/backend/service/user.go:39
[0m[33m[1.000ms] [34;1m[rows:1][0m SELECT * FROM `users` WHERE id = '49c03605-07e7-4723-8577-4cebd7f23e9e' LIMIT 1

2022/03/01 14:25:02 [32mD:/ASLAB/FA/TPA/3. Web/new/backend/graph/shop.resolvers.go:85
[0m[33m[0.641ms] [34;1m[rows:1][0m SELECT * FROM `shops` WHERE user_id = '49c03605-07e7-4723-8577-4cebd7f23e9e' LIMIT 1

2022/03/01 14:25:02 [32mD:/ASLAB/FA/TPA/3. Web/new/backend/service/user.go:39
[0m[33m[0.000ms] [34;1m[rows:1][0m SELECT * FROM `users` WHERE id = '49c03605-07e7-4723-8577-4cebd7f23e9e' LIMIT 1

2022/03/01 14:25:02 [32mD:/ASLAB/FA/TPA/3. Web/new/backend/graph/shop.resolvers.go:85
[0m[33m[1.346ms] [34;1m[rows:1][0m SELECT * FROM `shops` WHERE user_id = '49c03605-07e7-4723-8577-4cebd7f23e9e' LIMIT 1

2022/03/01 14:25:27 [32mD:/ASLAB/FA/TPA/3. Web/new/backend/service/user.go:39
[0m[33m[0.640ms] [34;1m[rows:1][0m SELECT * FROM `users` WHERE id = '49c03605-07e7-4723-8577-4cebd7f23e9e' LIMIT 1

2022/03/01 14:25:27 [32mD:/ASLAB/FA/TPA/3. Web/new/backend/graph/shop.resolvers.go:85
[0m[33m[0.675ms] [34;1m[rows:1][0m SELECT * FROM `shops` WHERE user_id = '49c03605-07e7-4723-8577-4cebd7f23e9e' LIMIT 1

2022/03/01 14:25:27 [32mD:/ASLAB/FA/TPA/3. Web/new/backend/graph/shop.resolvers.go:85
[0m[33m[0.808ms] [34;1m[rows:1][0m SELECT * FROM `shops` WHERE user_id = '49c03605-07e7-4723-8577-4cebd7f23e9e' LIMIT 1
